<?xml version="1.0" encoding="UTF-8"?>
<!-- Generated by org.testng.reporters.JUnitReportReporter -->
<testsuite hostname="LAPTOP-DTN7J10A" failures="0" tests="2" name="irctc.HomePageTest" time="10.184" errors="0" timestamp="2021-01-25T02:14:40 IST" skipped="0">
  <testcase classname="irctc.HomePageTest" name="navigateToPnrStatusCheck" time="0.199"/>
  <system-out/>
  <testcase classname="irctc.HomePageTest" name="homePageNavigate" time="9.985"/>
  <system-out/>
</testsuite> <!-- irctc.HomePageTest -->
